0 info it worked if it ends with ok
1 verbose cli [ '/Users/hamed/homebrew/Cellar/node/5.4.0/bin/node',
1 verbose cli   '/Users/hamed/homebrew/bin/npm',
1 verbose cli   'start',
1 verbose cli   '--debug=remote' ]
2 info using npm@3.3.12
3 info using node@v5.4.0
4 verbose run-script [ 'prestart', 'start', 'poststart' ]
5 info lifecycle scroll@1.0.0~prestart: scroll@1.0.0
6 silly lifecycle scroll@1.0.0~prestart: no script for prestart, continuing
7 info lifecycle scroll@1.0.0~start: scroll@1.0.0
8 verbose lifecycle scroll@1.0.0~start: unsafe-perm in lifecycle true
9 verbose lifecycle scroll@1.0.0~start: PATH: /Users/hamed/homebrew/lib/node_modules/npm/bin/node-gyp-bin:/Users/hamed/Desktop/scroll/node_modules/.bin:/Users/hamed/homebrew/bin/:/usr/local/bin:/usr/bin:/bin:/usr/sbin:/sbin
10 verbose lifecycle scroll@1.0.0~start: CWD: /Users/hamed/Desktop/scroll
11 silly lifecycle scroll@1.0.0~start: Args: [ '-c', 'npm run sync & npm run gulp & npm run io' ]
12 silly lifecycle scroll@1.0.0~start: Returned: code: 1  signal: null
13 info lifecycle scroll@1.0.0~start: Failed to exec start script
14 verbose stack Error: scroll@1.0.0 start: `npm run sync & npm run gulp & npm run io`
14 verbose stack Exit status 1
14 verbose stack     at EventEmitter.<anonymous> (/Users/hamed/homebrew/lib/node_modules/npm/lib/utils/lifecycle.js:232:16)
14 verbose stack     at emitTwo (events.js:87:13)
14 verbose stack     at EventEmitter.emit (events.js:172:7)
14 verbose stack     at ChildProcess.<anonymous> (/Users/hamed/homebrew/lib/node_modules/npm/lib/utils/spawn.js:24:14)
14 verbose stack     at emitTwo (events.js:87:13)
14 verbose stack     at ChildProcess.emit (events.js:172:7)
14 verbose stack     at maybeClose (internal/child_process.js:821:16)
14 verbose stack     at Process.ChildProcess._handle.onexit (internal/child_process.js:211:5)
15 verbose pkgid scroll@1.0.0
16 verbose cwd /Users/hamed/Desktop/scroll
17 error Darwin 15.3.0
18 error argv "/Users/hamed/homebrew/Cellar/node/5.4.0/bin/node" "/Users/hamed/homebrew/bin/npm" "start" "--debug=remote"
19 error node v5.4.0
20 error npm  v3.3.12
21 error code ELIFECYCLE
22 error scroll@1.0.0 start: `npm run sync & npm run gulp & npm run io`
22 error Exit status 1
23 error Failed at the scroll@1.0.0 start script 'npm run sync & npm run gulp & npm run io'.
23 error Make sure you have the latest version of node.js and npm installed.
23 error If you do, this is most likely a problem with the scroll package,
23 error not with npm itself.
23 error Tell the author that this fails on your system:
23 error     npm run sync & npm run gulp & npm run io
23 error You can get their info via:
23 error     npm owner ls scroll
23 error There is likely additional logging output above.
24 verbose exit [ 1, true ]
